<?xml version="1.0" encoding="UTF-8"?>
<!-- Generated by org.testng.reporters.JUnitXMLReporter -->
<testsuite ignored="6" hostname="carlos" failures="0" tests="3" name="Surefire test" time="0.045" errors="0" timestamp="2023-03-02T15:54:46 CST">
  <testcase classname="com.ti.testcase.BaseTest" name="@BeforeTest setup" time="-1.677794086923E9">
    <failure type="org.testng.TestNGException" message="
Parameter &amp;apos;browser&amp;apos; is required by BeforeTest on method setup but has not been marked @Optional or defined
">
      <![CDATA[org.testng.TestNGException: 
Parameter 'browser' is required by BeforeTest on method setup but has not been marked @Optional or defined

... Removed 26 stack frames]]>
    </failure>
  </testcase> <!-- @BeforeTest setup -->
  <testcase classname="com.ti.testcase.BaseTest" name="@AfterTest turnDown" time="-1.677794086964E9">
    <skipped/>
  </testcase> <!-- @AfterTest turnDown -->
  <testcase classname="com.ti.testcase.AddressDataTest" name="AdressDate" time="0.0">
    <skipped/>
  </testcase> <!-- AdressDate -->
  <testcase classname="com.ti.testcase.LoginTest" name="LoginDate" time="0.0">
    <skipped/>
  </testcase> <!-- LoginDate -->
  <testcase classname="com.ti.testcase.RegisterTest" name="RegisterDate" time="0.0">
    <skipped/>
  </testcase> <!-- RegisterDate -->
  <testcase classname="com.ti.testcase.BaseTest" name="@AfterTest turnDown" time="0.0">
    <ignored/>
  </testcase> <!-- @AfterTest turnDown -->
  <testcase classname="com.ti.testcase.BaseTest" name="@AfterTest turnDown" time="0.0">
    <ignored/>
  </testcase> <!-- @AfterTest turnDown -->
  <testcase classname="com.ti.testcase.BaseTest" name="@AfterTest turnDown" time="0.0">
    <ignored/>
  </testcase> <!-- @AfterTest turnDown -->
  <testcase classname="com.ti.testcase.BaseTest" name="@BeforeTest setup" time="0.0">
    <ignored/>
  </testcase> <!-- @BeforeTest setup -->
  <testcase classname="com.ti.testcase.BaseTest" name="@BeforeTest setup" time="0.0">
    <ignored/>
  </testcase> <!-- @BeforeTest setup -->
  <testcase classname="com.ti.testcase.BaseTest" name="@BeforeTest setup" time="0.0">
    <ignored/>
  </testcase> <!-- @BeforeTest setup -->
</testsuite> <!-- Surefire test -->
